Build started 03-11-2022 09:24:08.
     1>Project "D:\My Files\Kaushal\Speech Processing\Assignments\224101031_DigitRecognition\224101031_DigitRecognition\224101031_DigitRecognition.vcxproj" on node 2 (build target(s)).
     1>InitializeBuildStatus:
         Creating "Debug\224101031_DigitRecognition.unsuccessfulbuild" because "AlwaysCreate" was specified.
       ClCompile:
         All outputs are up-to-date.
         c:\Program Files (x86)\Microsoft Visual Studio 10.0\VC\bin\CL.exe /c /ZI /nologo /W3 /WX- /Od /Oy- /D WIN32 /D _DEBUG /D _CONSOLE /D _UNICODE /D UNICODE /Gm /EHsc /RTC1 /MDd /GS /fp:precise /Zc:wchar_t /Zc:forScope /Yu"StdAfx.h" /Fp"Debug\224101031_DigitRecognition.pch" /Fo"Debug\\" /Fd"Debug\vc100.pdb" /Gd /TP /analyze- /errorReport:prompt 224101031_DigitRecognition.cpp
         224101031_DigitRecognition.cpp
     1>d:\my files\kaushal\speech processing\assignments\224101031_digitrecognition\224101031_digitrecognition\224101031_digitrecognition.cpp(262): warning C4996: 'fopen': This function or variable may be unsafe. Consider using fopen_s instead. To disable deprecation, use _CRT_SECURE_NO_WARNINGS. See online help for details.
                 c:\program files (x86)\microsoft visual studio 10.0\vc\include\stdio.h(234) : see declaration of 'fopen'
     1>d:\my files\kaushal\speech processing\assignments\224101031_digitrecognition\224101031_digitrecognition\224101031_digitrecognition.cpp(275): warning C4996: 'fscanf': This function or variable may be unsafe. Consider using fscanf_s instead. To disable deprecation, use _CRT_SECURE_NO_WARNINGS. See online help for details.
                 c:\program files (x86)\microsoft visual studio 10.0\vc\include\stdio.h(253) : see declaration of 'fscanf'
     1>d:\my files\kaushal\speech processing\assignments\224101031_digitrecognition\224101031_digitrecognition\224101031_digitrecognition.cpp(303): warning C4996: 'fopen': This function or variable may be unsafe. Consider using fopen_s instead. To disable deprecation, use _CRT_SECURE_NO_WARNINGS. See online help for details.
                 c:\program files (x86)\microsoft visual studio 10.0\vc\include\stdio.h(234) : see declaration of 'fopen'
     1>d:\my files\kaushal\speech processing\assignments\224101031_digitrecognition\224101031_digitrecognition\224101031_digitrecognition.cpp(314): warning C4996: 'sprintf': This function or variable may be unsafe. Consider using sprintf_s instead. To disable deprecation, use _CRT_SECURE_NO_WARNINGS. See online help for details.
                 c:\program files (x86)\microsoft visual studio 10.0\vc\include\stdio.h(371) : see declaration of 'sprintf'
     1>d:\my files\kaushal\speech processing\assignments\224101031_digitrecognition\224101031_digitrecognition\224101031_digitrecognition.cpp(474): warning C4996: 'fopen': This function or variable may be unsafe. Consider using fopen_s instead. To disable deprecation, use _CRT_SECURE_NO_WARNINGS. See online help for details.
                 c:\program files (x86)\microsoft visual studio 10.0\vc\include\stdio.h(234) : see declaration of 'fopen'
     1>d:\my files\kaushal\speech processing\assignments\224101031_digitrecognition\224101031_digitrecognition\224101031_digitrecognition.cpp(495): warning C4996: 'fopen': This function or variable may be unsafe. Consider using fopen_s instead. To disable deprecation, use _CRT_SECURE_NO_WARNINGS. See online help for details.
                 c:\program files (x86)\microsoft visual studio 10.0\vc\include\stdio.h(234) : see declaration of 'fopen'
     1>d:\my files\kaushal\speech processing\assignments\224101031_digitrecognition\224101031_digitrecognition\224101031_digitrecognition.cpp(503): warning C4996: 'fscanf': This function or variable may be unsafe. Consider using fscanf_s instead. To disable deprecation, use _CRT_SECURE_NO_WARNINGS. See online help for details.
                 c:\program files (x86)\microsoft visual studio 10.0\vc\include\stdio.h(253) : see declaration of 'fscanf'
     1>d:\my files\kaushal\speech processing\assignments\224101031_digitrecognition\224101031_digitrecognition\224101031_digitrecognition.cpp(533): warning C4996: 'fopen': This function or variable may be unsafe. Consider using fopen_s instead. To disable deprecation, use _CRT_SECURE_NO_WARNINGS. See online help for details.
                 c:\program files (x86)\microsoft visual studio 10.0\vc\include\stdio.h(234) : see declaration of 'fopen'
     1>d:\my files\kaushal\speech processing\assignments\224101031_digitrecognition\224101031_digitrecognition\224101031_digitrecognition.cpp(546): warning C4996: 'fscanf': This function or variable may be unsafe. Consider using fscanf_s instead. To disable deprecation, use _CRT_SECURE_NO_WARNINGS. See online help for details.
                 c:\program files (x86)\microsoft visual studio 10.0\vc\include\stdio.h(253) : see declaration of 'fscanf'
     1>d:\my files\kaushal\speech processing\assignments\224101031_digitrecognition\224101031_digitrecognition\224101031_digitrecognition.cpp(548): warning C4996: 'fscanf': This function or variable may be unsafe. Consider using fscanf_s instead. To disable deprecation, use _CRT_SECURE_NO_WARNINGS. See online help for details.
                 c:\program files (x86)\microsoft visual studio 10.0\vc\include\stdio.h(253) : see declaration of 'fscanf'
     1>d:\my files\kaushal\speech processing\assignments\224101031_digitrecognition\224101031_digitrecognition\224101031_digitrecognition.cpp(539): warning C4101: 'curData' : unreferenced local variable
     1>d:\my files\kaushal\speech processing\assignments\224101031_digitrecognition\224101031_digitrecognition\224101031_digitrecognition.cpp(564): warning C4996: 'fopen': This function or variable may be unsafe. Consider using fopen_s instead. To disable deprecation, use _CRT_SECURE_NO_WARNINGS. See online help for details.
                 c:\program files (x86)\microsoft visual studio 10.0\vc\include\stdio.h(234) : see declaration of 'fopen'
     1>d:\my files\kaushal\speech processing\assignments\224101031_digitrecognition\224101031_digitrecognition\224101031_digitrecognition.cpp(570): warning C4996: 'fopen': This function or variable may be unsafe. Consider using fopen_s instead. To disable deprecation, use _CRT_SECURE_NO_WARNINGS. See online help for details.
                 c:\program files (x86)\microsoft visual studio 10.0\vc\include\stdio.h(234) : see declaration of 'fopen'
     1>d:\my files\kaushal\speech processing\assignments\224101031_digitrecognition\224101031_digitrecognition\224101031_digitrecognition.cpp(794): warning C4101: 'i' : unreferenced local variable
     1>d:\my files\kaushal\speech processing\assignments\224101031_digitrecognition\224101031_digitrecognition\224101031_digitrecognition.cpp(883): warning C4996: 'fopen': This function or variable may be unsafe. Consider using fopen_s instead. To disable deprecation, use _CRT_SECURE_NO_WARNINGS. See online help for details.
                 c:\program files (x86)\microsoft visual studio 10.0\vc\include\stdio.h(234) : see declaration of 'fopen'
     1>d:\my files\kaushal\speech processing\assignments\224101031_digitrecognition\224101031_digitrecognition\224101031_digitrecognition.cpp(891): warning C4996: 'fscanf': This function or variable may be unsafe. Consider using fscanf_s instead. To disable deprecation, use _CRT_SECURE_NO_WARNINGS. See online help for details.
                 c:\program files (x86)\microsoft visual studio 10.0\vc\include\stdio.h(253) : see declaration of 'fscanf'
     1>d:\my files\kaushal\speech processing\assignments\224101031_digitrecognition\224101031_digitrecognition\224101031_digitrecognition.cpp(896): warning C4996: 'fopen': This function or variable may be unsafe. Consider using fopen_s instead. To disable deprecation, use _CRT_SECURE_NO_WARNINGS. See online help for details.
                 c:\program files (x86)\microsoft visual studio 10.0\vc\include\stdio.h(234) : see declaration of 'fopen'
     1>d:\my files\kaushal\speech processing\assignments\224101031_digitrecognition\224101031_digitrecognition\224101031_digitrecognition.cpp(904): warning C4996: 'fscanf': This function or variable may be unsafe. Consider using fscanf_s instead. To disable deprecation, use _CRT_SECURE_NO_WARNINGS. See online help for details.
                 c:\program files (x86)\microsoft visual studio 10.0\vc\include\stdio.h(253) : see declaration of 'fscanf'
     1>d:\my files\kaushal\speech processing\assignments\224101031_digitrecognition\224101031_digitrecognition\224101031_digitrecognition.cpp(910): warning C4996: 'fopen': This function or variable may be unsafe. Consider using fopen_s instead. To disable deprecation, use _CRT_SECURE_NO_WARNINGS. See online help for details.
                 c:\program files (x86)\microsoft visual studio 10.0\vc\include\stdio.h(234) : see declaration of 'fopen'
     1>d:\my files\kaushal\speech processing\assignments\224101031_digitrecognition\224101031_digitrecognition\224101031_digitrecognition.cpp(917): warning C4996: 'fscanf': This function or variable may be unsafe. Consider using fscanf_s instead. To disable deprecation, use _CRT_SECURE_NO_WARNINGS. See online help for details.
                 c:\program files (x86)\microsoft visual studio 10.0\vc\include\stdio.h(253) : see declaration of 'fscanf'
     1>d:\my files\kaushal\speech processing\assignments\224101031_digitrecognition\224101031_digitrecognition\224101031_digitrecognition.cpp(991): warning C4101: 'k' : unreferenced local variable
     1>d:\my files\kaushal\speech processing\assignments\224101031_digitrecognition\224101031_digitrecognition\224101031_digitrecognition.cpp(991): warning C4101: 'j' : unreferenced local variable
     1>d:\my files\kaushal\speech processing\assignments\224101031_digitrecognition\224101031_digitrecognition\224101031_digitrecognition.cpp(1023): warning C4996: 'sprintf': This function or variable may be unsafe. Consider using sprintf_s instead. To disable deprecation, use _CRT_SECURE_NO_WARNINGS. See online help for details.
                 c:\program files (x86)\microsoft visual studio 10.0\vc\include\stdio.h(371) : see declaration of 'sprintf'
     1>d:\my files\kaushal\speech processing\assignments\224101031_digitrecognition\224101031_digitrecognition\224101031_digitrecognition.cpp(1024): warning C4996: 'sprintf': This function or variable may be unsafe. Consider using sprintf_s instead. To disable deprecation, use _CRT_SECURE_NO_WARNINGS. See online help for details.
                 c:\program files (x86)\microsoft visual studio 10.0\vc\include\stdio.h(371) : see declaration of 'sprintf'
     1>d:\my files\kaushal\speech processing\assignments\224101031_digitrecognition\224101031_digitrecognition\224101031_digitrecognition.cpp(1027): warning C4996: 'fopen': This function or variable may be unsafe. Consider using fopen_s instead. To disable deprecation, use _CRT_SECURE_NO_WARNINGS. See online help for details.
                 c:\program files (x86)\microsoft visual studio 10.0\vc\include\stdio.h(234) : see declaration of 'fopen'
     1>d:\my files\kaushal\speech processing\assignments\224101031_digitrecognition\224101031_digitrecognition\224101031_digitrecognition.cpp(1028): warning C4996: 'fopen': This function or variable may be unsafe. Consider using fopen_s instead. To disable deprecation, use _CRT_SECURE_NO_WARNINGS. See online help for details.
                 c:\program files (x86)\microsoft visual studio 10.0\vc\include\stdio.h(234) : see declaration of 'fopen'
     1>d:\my files\kaushal\speech processing\assignments\224101031_digitrecognition\224101031_digitrecognition\224101031_digitrecognition.cpp(1043): warning C4996: 'fscanf': This function or variable may be unsafe. Consider using fscanf_s instead. To disable deprecation, use _CRT_SECURE_NO_WARNINGS. See online help for details.
                 c:\program files (x86)\microsoft visual studio 10.0\vc\include\stdio.h(253) : see declaration of 'fscanf'
     1>d:\my files\kaushal\speech processing\assignments\224101031_digitrecognition\224101031_digitrecognition\224101031_digitrecognition.cpp(1050): warning C4996: 'fscanf': This function or variable may be unsafe. Consider using fscanf_s instead. To disable deprecation, use _CRT_SECURE_NO_WARNINGS. See online help for details.
                 c:\program files (x86)\microsoft visual studio 10.0\vc\include\stdio.h(253) : see declaration of 'fscanf'
     1>d:\my files\kaushal\speech processing\assignments\224101031_digitrecognition\224101031_digitrecognition\224101031_digitrecognition.cpp(1099): warning C4996: 'sprintf': This function or variable may be unsafe. Consider using sprintf_s instead. To disable deprecation, use _CRT_SECURE_NO_WARNINGS. See online help for details.
                 c:\program files (x86)\microsoft visual studio 10.0\vc\include\stdio.h(371) : see declaration of 'sprintf'
     1>d:\my files\kaushal\speech processing\assignments\224101031_digitrecognition\224101031_digitrecognition\224101031_digitrecognition.cpp(1101): warning C4996: 'fopen': This function or variable may be unsafe. Consider using fopen_s instead. To disable deprecation, use _CRT_SECURE_NO_WARNINGS. See online help for details.
                 c:\program files (x86)\microsoft visual studio 10.0\vc\include\stdio.h(234) : see declaration of 'fopen'
     1>d:\my files\kaushal\speech processing\assignments\224101031_digitrecognition\224101031_digitrecognition\224101031_digitrecognition.cpp(1128): warning C4996: 'sprintf': This function or variable may be unsafe. Consider using sprintf_s instead. To disable deprecation, use _CRT_SECURE_NO_WARNINGS. See online help for details.
                 c:\program files (x86)\microsoft visual studio 10.0\vc\include\stdio.h(371) : see declaration of 'sprintf'
     1>d:\my files\kaushal\speech processing\assignments\224101031_digitrecognition\224101031_digitrecognition\224101031_digitrecognition.cpp(1129): warning C4996: 'sprintf': This function or variable may be unsafe. Consider using sprintf_s instead. To disable deprecation, use _CRT_SECURE_NO_WARNINGS. See online help for details.
                 c:\program files (x86)\microsoft visual studio 10.0\vc\include\stdio.h(371) : see declaration of 'sprintf'
     1>d:\my files\kaushal\speech processing\assignments\224101031_digitrecognition\224101031_digitrecognition\224101031_digitrecognition.cpp(1136): warning C4996: 'fopen': This function or variable may be unsafe. Consider using fopen_s instead. To disable deprecation, use _CRT_SECURE_NO_WARNINGS. See online help for details.
                 c:\program files (x86)\microsoft visual studio 10.0\vc\include\stdio.h(234) : see declaration of 'fopen'
     1>d:\my files\kaushal\speech processing\assignments\224101031_digitrecognition\224101031_digitrecognition\224101031_digitrecognition.cpp(1141): warning C4996: 'fopen': This function or variable may be unsafe. Consider using fopen_s instead. To disable deprecation, use _CRT_SECURE_NO_WARNINGS. See online help for details.
                 c:\program files (x86)\microsoft visual studio 10.0\vc\include\stdio.h(234) : see declaration of 'fopen'
     1>d:\my files\kaushal\speech processing\assignments\224101031_digitrecognition\224101031_digitrecognition\224101031_digitrecognition.cpp(1153): warning C4996: 'sprintf': This function or variable may be unsafe. Consider using sprintf_s instead. To disable deprecation, use _CRT_SECURE_NO_WARNINGS. See online help for details.
                 c:\program files (x86)\microsoft visual studio 10.0\vc\include\stdio.h(371) : see declaration of 'sprintf'
     1>d:\my files\kaushal\speech processing\assignments\224101031_digitrecognition\224101031_digitrecognition\224101031_digitrecognition.cpp(1171): warning C4996: 'sprintf': This function or variable may be unsafe. Consider using sprintf_s instead. To disable deprecation, use _CRT_SECURE_NO_WARNINGS. See online help for details.
                 c:\program files (x86)\microsoft visual studio 10.0\vc\include\stdio.h(371) : see declaration of 'sprintf'
     1>d:\my files\kaushal\speech processing\assignments\224101031_digitrecognition\224101031_digitrecognition\224101031_digitrecognition.cpp(1172): warning C4996: 'fopen': This function or variable may be unsafe. Consider using fopen_s instead. To disable deprecation, use _CRT_SECURE_NO_WARNINGS. See online help for details.
                 c:\program files (x86)\microsoft visual studio 10.0\vc\include\stdio.h(234) : see declaration of 'fopen'
     1>d:\my files\kaushal\speech processing\assignments\224101031_digitrecognition\224101031_digitrecognition\224101031_digitrecognition.cpp(1177): warning C4996: 'fscanf': This function or variable may be unsafe. Consider using fscanf_s instead. To disable deprecation, use _CRT_SECURE_NO_WARNINGS. See online help for details.
                 c:\program files (x86)\microsoft visual studio 10.0\vc\include\stdio.h(253) : see declaration of 'fscanf'
     1>d:\my files\kaushal\speech processing\assignments\224101031_digitrecognition\224101031_digitrecognition\224101031_digitrecognition.cpp(1182): warning C4996: 'fscanf': This function or variable may be unsafe. Consider using fscanf_s instead. To disable deprecation, use _CRT_SECURE_NO_WARNINGS. See online help for details.
                 c:\program files (x86)\microsoft visual studio 10.0\vc\include\stdio.h(253) : see declaration of 'fscanf'
     1>d:\my files\kaushal\speech processing\assignments\224101031_digitrecognition\224101031_digitrecognition\224101031_digitrecognition.cpp(1223): warning C4996: 'sprintf': This function or variable may be unsafe. Consider using sprintf_s instead. To disable deprecation, use _CRT_SECURE_NO_WARNINGS. See online help for details.
                 c:\program files (x86)\microsoft visual studio 10.0\vc\include\stdio.h(371) : see declaration of 'sprintf'
     1>d:\my files\kaushal\speech processing\assignments\224101031_digitrecognition\224101031_digitrecognition\224101031_digitrecognition.cpp(1238): warning C4996: 'fopen': This function or variable may be unsafe. Consider using fopen_s instead. To disable deprecation, use _CRT_SECURE_NO_WARNINGS. See online help for details.
                 c:\program files (x86)\microsoft visual studio 10.0\vc\include\stdio.h(234) : see declaration of 'fopen'
     1>d:\my files\kaushal\speech processing\assignments\224101031_digitrecognition\224101031_digitrecognition\224101031_digitrecognition.cpp(1239): warning C4996: 'fopen': This function or variable may be unsafe. Consider using fopen_s instead. To disable deprecation, use _CRT_SECURE_NO_WARNINGS. See online help for details.
                 c:\program files (x86)\microsoft visual studio 10.0\vc\include\stdio.h(234) : see declaration of 'fopen'
     1>d:\my files\kaushal\speech processing\assignments\224101031_digitrecognition\224101031_digitrecognition\224101031_digitrecognition.cpp(1244): warning C4996: 'fscanf': This function or variable may be unsafe. Consider using fscanf_s instead. To disable deprecation, use _CRT_SECURE_NO_WARNINGS. See online help for details.
                 c:\program files (x86)\microsoft visual studio 10.0\vc\include\stdio.h(253) : see declaration of 'fscanf'
     1>d:\my files\kaushal\speech processing\assignments\224101031_digitrecognition\224101031_digitrecognition\224101031_digitrecognition.cpp(1250): warning C4996: 'fscanf': This function or variable may be unsafe. Consider using fscanf_s instead. To disable deprecation, use _CRT_SECURE_NO_WARNINGS. See online help for details.
                 c:\program files (x86)\microsoft visual studio 10.0\vc\include\stdio.h(253) : see declaration of 'fscanf'
     1>d:\my files\kaushal\speech processing\assignments\224101031_digitrecognition\224101031_digitrecognition\224101031_digitrecognition.cpp(1266): warning C4996: 'sprintf': This function or variable may be unsafe. Consider using sprintf_s instead. To disable deprecation, use _CRT_SECURE_NO_WARNINGS. See online help for details.
                 c:\program files (x86)\microsoft visual studio 10.0\vc\include\stdio.h(371) : see declaration of 'sprintf'
       ManifestResourceCompile:
         All outputs are up-to-date.
       Link:
         c:\Program Files (x86)\Microsoft Visual Studio 10.0\VC\bin\link.exe /ERRORREPORT:PROMPT /OUT:"D:\My Files\Kaushal\Speech Processing\Assignments\224101031_DigitRecognition\Debug\224101031_DigitRecognition.exe" /INCREMENTAL /NOLOGO kernel32.lib user32.lib gdi32.lib winspool.lib comdlg32.lib advapi32.lib shell32.lib ole32.lib oleaut32.lib uuid.lib odbc32.lib odbccp32.lib /MANIFEST /ManifestFile:"Debug\224101031_DigitRecognition.exe.intermediate.manifest" /MANIFESTUAC:"level='asInvoker' uiAccess='false'" /DEBUG /PDB:"D:\My Files\Kaushal\Speech Processing\Assignments\224101031_DigitRecognition\Debug\224101031_DigitRecognition.pdb" /SUBSYSTEM:CONSOLE /TLBID:1 /DYNAMICBASE /NXCOMPAT /IMPLIB:"D:\My Files\Kaushal\Speech Processing\Assignments\224101031_DigitRecognition\Debug\224101031_DigitRecognition.lib" /MACHINE:X86 Debug\224101031_DigitRecognition.exe.embed.manifest.res
         Debug\224101031_DigitRecognition.obj
         Debug\stdafx.obj
       Manifest:
         c:\Program Files (x86)\Microsoft SDKs\Windows\v7.0A\bin\mt.exe /nologo /verbose /out:"Debug\224101031_DigitRecognition.exe.embed.manifest" /manifest Debug\224101031_DigitRecognition.exe.intermediate.manifest
         All outputs are up-to-date.
       LinkEmbedManifest:
         All outputs are up-to-date.
         224101031_DigitRecognition.vcxproj -> D:\My Files\Kaushal\Speech Processing\Assignments\224101031_DigitRecognition\Debug\224101031_DigitRecognition.exe
       FinalizeBuildStatus:
         Deleting file "Debug\224101031_DigitRecognition.unsuccessfulbuild".
         Touching "Debug\224101031_DigitRecognition.lastbuildstate".
     1>Done Building Project "D:\My Files\Kaushal\Speech Processing\Assignments\224101031_DigitRecognition\224101031_DigitRecognition\224101031_DigitRecognition.vcxproj" (build target(s)).

Build succeeded.

Time Elapsed 00:00:00.70
